{"sessionId": "e69e6f", "runId": "stage1-pre", "hypothesisId": "H0", "location": "planning_core/_core.py:run_stage1_extract", "message": "stage1_enter", "data": {"tasks_input_workbook": "", "PM_AI_PROCESSING_PLAN_PATH": "\\\\192.168.0.101\\共有フォルダ\\湖南工場\\湖南共有\\生産管理システム\\管理システム\\●DATA\\生産計画問合せ\\工程別生産計画問合せ問合せ_20260501_153807.xlsx", "processing_plan_resolved": true}, "timestamp": 1777722605682}
{"sessionId": "e69e6f", "runId": "stage1-pre", "hypothesisId": "H0", "location": "planning_core/_core.py:run_stage1_extract", "message": "stage1_enter", "data": {"tasks_input_workbook": "", "PM_AI_PROCESSING_PLAN_PATH": "\\\\192.168.0.101\\共有フォルダ\\湖南工場\\湖南共有\\生産管理システム\\管理システム\\●DATA\\生産計画問合せ\\工程別生産計画問合せ問合せ_20260501_153807.xlsx", "processing_plan_resolved": true}, "timestamp": 1777723004063}
{"sessionId": "e69e6f", "runId": "stage1-pre", "hypothesisId": "H0", "location": "planning_core/_core.py:run_stage1_extract", "message": "stage1_enter", "data": {"tasks_input_workbook": "", "PM_AI_PROCESSING_PLAN_PATH": "\\\\192.168.0.101\\共有フォルダ\\湖南工場\\湖南共有\\生産管理システム\\管理システム\\●DATA\\生産計画問合せ\\工程別生産計画問合せ問合せ_20260501_153807.xlsx", "processing_plan_resolved": true}, "timestamp": 1777723373272}
{"sessionId": "e69e6f", "runId": "stage1-pre", "hypothesisId": "H0", "location": "planning_core/_core.py:run_stage1_extract", "message": "stage1_enter", "data": {"tasks_input_workbook": "", "PM_AI_PROCESSING_PLAN_PATH": "\\\\192.168.0.101\\共有フォルダ\\湖南工場\\湖南共有\\生産管理システム\\管理システム\\●DATA\\生産計画問合せ\\工程別生産計画問合せ問合せ_20260501_153807.xlsx", "processing_plan_resolved": true}, "timestamp": 1777723740890}
{"sessionId": "e69e6f", "runId": "stage1-pre", "hypothesisId": "H0", "location": "planning_core/_core.py:run_stage1_extract", "message": "stage1_enter", "data": {"tasks_input_workbook": "", "PM_AI_PROCESSING_PLAN_PATH": "\\\\192.168.0.101\\共有フォルダ\\湖南工場\\湖南共有\\生産管理システム\\管理システム\\●DATA\\生産計画問合せ\\工程別生産計画問合せ問合せ_20260501_153807.xlsx", "processing_plan_resolved": true}, "timestamp": 1777723975406}
{"sessionId": "e69e6f", "runId": "stage1-pre", "hypothesisId": "H0", "location": "planning_core/_core.py:run_stage1_extract", "message": "stage1_enter", "data": {"tasks_input_workbook": "", "PM_AI_PROCESSING_PLAN_PATH": "\\\\192.168.0.101\\共有フォルダ\\湖南工場\\湖南共有\\生産管理システム\\管理システム\\●DATA\\生産計画問合せ\\工程別生産計画問合せ問合せ_20260501_153807.xlsx", "processing_plan_resolved": true}, "timestamp": 1777724071888}
{"sessionId": "e69e6f", "runId": "stage1-pre", "hypothesisId": "H0", "location": "planning_core/_core.py:run_stage1_extract", "message": "stage1_enter", "data": {"tasks_input_workbook": "", "PM_AI_PROCESSING_PLAN_PATH": "\\\\192.168.0.101\\共有フォルダ\\湖南工場\\湖南共有\\生産管理システム\\管理システム\\●DATA\\生産計画問合せ\\工程別生産計画問合せ問合せ_20260501_153807.xlsx", "processing_plan_resolved": true}, "timestamp": 1777724101178}
{"sessionId": "e69e6f", "runId": "stage1-pre", "hypothesisId": "H0", "location": "planning_core/_core.py:run_stage1_extract", "message": "stage1_enter", "data": {"tasks_input_workbook": "", "PM_AI_PROCESSING_PLAN_PATH": "\\\\192.168.0.101\\共有フォルダ\\湖南工場\\湖南共有\\生産管理システム\\管理システム\\●DATA\\生産計画問合せ\\工程別生産計画問合せ問合せ_20260501_153807.xlsx", "processing_plan_resolved": true}, "timestamp": 1777724747218}
{"sessionId": "e69e6f", "runId": "stage1-pre", "hypothesisId": "H0", "location": "planning_core/_core.py:run_stage1_extract", "message": "stage1_enter", "data": {"tasks_input_workbook": "", "PM_AI_PROCESSING_PLAN_PATH": "\\\\192.168.0.101\\共有フォルダ\\湖南工場\\湖南共有\\生産管理システム\\管理システム\\●DATA\\生産計画問合せ\\工程別生産計画問合せ問合せ_20260501_153807.xlsx", "processing_plan_resolved": true}, "timestamp": 1777724909243}
{"sessionId": "e69e6f", "runId": "stage1-pre", "hypothesisId": "H0", "location": "planning_core/_core.py:run_stage1_extract", "message": "stage1_enter", "data": {"tasks_input_workbook": "", "PM_AI_PROCESSING_PLAN_PATH": "\\\\192.168.0.101\\共有フォルダ\\湖南工場\\湖南共有\\生産管理システム\\管理システム\\●DATA\\生産計画問合せ\\工程別生産計画問合せ問合せ_20260501_153807.xlsx", "processing_plan_resolved": true}, "timestamp": 1777725410176}
{"sessionId": "e69e6f", "runId": "stage1-pre", "hypothesisId": "H0", "location": "planning_core/_core.py:run_stage1_extract", "message": "stage1_enter", "data": {"tasks_input_workbook": "", "PM_AI_PROCESSING_PLAN_PATH": "\\\\192.168.0.101\\共有フォルダ\\湖南工場\\湖南共有\\生産管理システム\\管理システム\\●DATA\\生産計画問合せ\\工程別生産計画問合せ問合せ_20260501_153807.xlsx", "processing_plan_resolved": true}, "timestamp": 1777725741110}
{"sessionId": "e69e6f", "runId": "stage1-pre", "hypothesisId": "H0", "location": "planning_core/_core.py:run_stage1_extract", "message": "stage1_enter", "data": {"tasks_input_workbook": "", "PM_AI_PROCESSING_PLAN_PATH": "\\\\192.168.0.101\\共有フォルダ\\湖南工場\\湖南共有\\生産管理システム\\管理システム\\●DATA\\生産計画問合せ\\工程別生産計画問合せ問合せ_20260501_153807.xlsx", "processing_plan_resolved": true}, "timestamp": 1777726270717}
{"sessionId": "e69e6f", "runId": "stage1-pre", "hypothesisId": "H1", "location": "planning_core/_core.py:run_stage1_extract", "message": "load_tasks_df_done", "data": {"ms": 129, "rows": 37}, "timestamp": 1777726270849}
{"sessionId": "e69e6f", "runId": "stage1-pre", "hypothesisId": "H2", "location": "planning_core/_core.py:run_stage1_extract", "message": "mm_tables_loaded", "data": {"ms": 23, "rw": 29, "pw": 30, "pl": 42, "pt": 29}, "timestamp": 1777726270873}
{"sessionId": "e69e6f", "runId": "stage1-pre", "hypothesisId": "H0", "location": "planning_core/_core.py:run_stage1_extract", "message": "stage1_enter", "data": {"tasks_input_workbook": "", "PM_AI_PROCESSING_PLAN_PATH": "\\\\192.168.0.101\\共有フォルダ\\湖南工場\\湖南共有\\生産管理システム\\管理システム\\●DATA\\生産計画問合せ\\工程別生産計画問合せ問合せ_20260501_153807.xlsx", "processing_plan_resolved": true}, "timestamp": 1777726390339}
{"sessionId": "e69e6f", "runId": "stage1-pre", "hypothesisId": "H1", "location": "planning_core/_core.py:run_stage1_extract", "message": "load_tasks_df_done", "data": {"ms": 122, "rows": 37}, "timestamp": 1777726390464}
{"sessionId": "e69e6f", "runId": "stage1-pre", "hypothesisId": "H2", "location": "planning_core/_core.py:run_stage1_extract", "message": "mm_tables_loaded", "data": {"ms": 22, "rw": 29, "pw": 30, "pl": 42, "pt": 29}, "timestamp": 1777726390488}
{"sessionId": "e69e6f", "runId": "stage1-pre", "hypothesisId": "H3", "location": "planning_core/_core.py:run_stage1_extract", "message": "iterrows_done", "data": {"ms": 10, "iter_total": 37, "kept": 34, "skipped_keyword": 0, "skipped_completed_rule": 2, "skipped_qty_or_missing": 1, "skipped_product_thickness": 0}, "timestamp": 1777726390499}
{"sessionId": "e69e6f", "runId": "stage1-pre", "hypothesisId": "H4", "location": "planning_core/_core.py:run_stage1_extract", "message": "load_skills_and_needs_done", "data": {"ms": 248, "equipment": 26, "need_rules": 0, "req_map": 55}, "timestamp": 1777726390764}
{"sessionId": "e69e6f", "runId": "stage1-pre", "hypothesisId": "H5", "location": "planning_core/_core.py:run_stage1_extract", "message": "merge_speed_heal_refresh_done", "data": {"ms": 101, "out_rows": 34}, "timestamp": 1777726390867}
{"sessionId": "e69e6f", "runId": "stage1-pre", "hypothesisId": "H6", "location": "planning_core/_core.py:run_stage1_extract", "message": "exclude_rules_sheet_maintenance_skipped_no_workbook", "data": {"skipped": true}, "timestamp": 1777726390879}
{"sessionId": "e69e6f", "runId": "stage1-pre", "hypothesisId": "H7", "location": "planning_core/_core.py:run_stage1_extract", "message": "apply_exclude_rules_config_done", "data": {"ms": 0}, "timestamp": 1777726390880}
{"sessionId": "e69e6f", "runId": "stage1-pre", "hypothesisId": "H8", "location": "planning_core/_core.py:fill_plan_dispatch_trial_order_column_stage1", "message": "trial_order_enter", "data": {"rows": 34}, "timestamp": 1777726390881}
{"sessionId": "e69e6f", "runId": "stage1-pre", "hypothesisId": "H8", "location": "planning_core/_core.py:fill_plan_dispatch_trial_order_column_stage1", "message": "trial_order_master_skills_read_skipped", "data": {"ms": 0, "members": 21}, "timestamp": 1777726390882}
{"sessionId": "e69e6f", "runId": "stage1-pre", "hypothesisId": "H8", "location": "planning_core/_core.py:fill_plan_dispatch_trial_order_column_stage1", "message": "trial_order_gpo_analyzed", "data": {"ms": 0}, "timestamp": 1777726390883}
{"sessionId": "e69e6f", "runId": "stage1-pre", "hypothesisId": "H8", "location": "planning_core/_core.py:fill_plan_dispatch_trial_order_column_stage1", "message": "trial_order_task_queue_built", "data": {"ms": 21, "tasks": 32}, "timestamp": 1777726390906}
{"sessionId": "e69e6f", "runId": "stage1-pre", "hypothesisId": "H8", "location": "planning_core/_core.py:fill_plan_dispatch_trial_order_column_stage1", "message": "trial_order_applied", "data": {"ms": 3}, "timestamp": 1777726390912}
{"sessionId": "e69e6f", "runId": "stage1-pre", "hypothesisId": "H8", "location": "planning_core/_core.py:fill_plan_dispatch_trial_order_column_stage1", "message": "trial_order_exit", "data": {"ms_total": 31}, "timestamp": 1777726390913}
{"sessionId": "e69e6f", "runId": "stage1-pre", "hypothesisId": "H8", "location": "planning_core/_core.py:run_stage1_extract", "message": "fill_trial_order_done", "data": {"ms": 33}, "timestamp": 1777726390914}
{"sessionId": "e69e6f", "runId": "stage1-pre", "hypothesisId": "H9", "location": "planning_core/_core.py:run_stage1_extract", "message": "to_excel_done", "data": {"ms": 69, "out_path": "C:\\工程管理AIプロジェクト_JAVA\\Production-Control-System\\code\\output\\plan_input_tasks.xlsx"}, "timestamp": 1777726390993}
{"sessionId": "e69e6f", "runId": "stage1-pre", "hypothesisId": "H9", "location": "planning_core/_core.py:run_stage1_extract", "message": "excel_post_format_done", "data": {"ms": 68}, "timestamp": 1777726391062}
{"sessionId": "e69e6f", "runId": "stage1-pre", "hypothesisId": "H0", "location": "planning_core/_core.py:run_stage1_extract", "message": "stage1_exit", "data": {"ms_total": 726}, "timestamp": 1777726391062}
{"sessionId": "e69e6f", "runId": "stage1-pre", "hypothesisId": "H0", "location": "planning_core/_core.py:run_stage1_extract", "message": "stage1_enter", "data": {"tasks_input_workbook": "", "PM_AI_PROCESSING_PLAN_PATH": "\\\\192.168.0.101\\共有フォルダ\\湖南工場\\湖南共有\\生産管理システム\\管理システム\\●DATA\\生産計画問合せ\\工程別生産計画問合せ問合せ_20260501_153807.xlsx", "processing_plan_resolved": true}, "timestamp": 1777726621630}
{"sessionId": "e69e6f", "runId": "stage1-pre", "hypothesisId": "H1", "location": "planning_core/_core.py:run_stage1_extract", "message": "load_tasks_df_done", "data": {"ms": 124, "rows": 37}, "timestamp": 1777726621760}
{"sessionId": "e69e6f", "runId": "stage1-pre", "hypothesisId": "H2", "location": "planning_core/_core.py:run_stage1_extract", "message": "mm_tables_loaded", "data": {"ms": 23, "rw": 29, "pw": 30, "pl": 42, "pt": 29}, "timestamp": 1777726621784}
{"sessionId": "e69e6f", "runId": "stage1-pre", "hypothesisId": "H3", "location": "planning_core/_core.py:run_stage1_extract", "message": "iterrows_done", "data": {"ms": 20, "iter_total": 37, "kept": 34, "skipped_keyword": 0, "skipped_completed_rule": 2, "skipped_qty_or_missing": 1, "skipped_product_thickness": 0}, "timestamp": 1777726621805}
{"sessionId": "e69e6f", "runId": "stage1-pre", "hypothesisId": "H4", "location": "planning_core/_core.py:run_stage1_extract", "message": "load_skills_and_needs_done", "data": {"ms": 296, "equipment": 26, "need_rules": 0, "req_map": 55}, "timestamp": 1777726622107}
{"sessionId": "e69e6f", "runId": "stage1-pre", "hypothesisId": "H5", "location": "planning_core/_core.py:run_stage1_extract", "message": "merge_speed_heal_refresh_done", "data": {"ms": 167, "out_rows": 34}, "timestamp": 1777726622275}
{"sessionId": "e69e6f", "runId": "stage1-pre", "hypothesisId": "H6", "location": "planning_core/_core.py:run_stage1_extract", "message": "exclude_rules_sheet_maintenance_skipped_no_workbook", "data": {"skipped": true}, "timestamp": 1777726622296}
{"sessionId": "e69e6f", "runId": "stage1-pre", "hypothesisId": "H7", "location": "planning_core/_core.py:run_stage1_extract", "message": "apply_exclude_rules_config_done", "data": {"ms": 0}, "timestamp": 1777726622297}
{"sessionId": "e69e6f", "runId": "stage1-pre", "hypothesisId": "H8", "location": "planning_core/_core.py:fill_plan_dispatch_trial_order_column_stage1", "message": "trial_order_enter", "data": {"rows": 34}, "timestamp": 1777726622298}
{"sessionId": "e69e6f", "runId": "stage1-pre", "hypothesisId": "H8", "location": "planning_core/_core.py:fill_plan_dispatch_trial_order_column_stage1", "message": "trial_order_master_skills_read_skipped", "data": {"ms": 0, "members": 21}, "timestamp": 1777726622299}
{"sessionId": "e69e6f", "runId": "stage1-pre", "hypothesisId": "H8", "location": "planning_core/_core.py:fill_plan_dispatch_trial_order_column_stage1", "message": "trial_order_gpo_analyzed", "data": {"ms": 0}, "timestamp": 1777726622300}
{"sessionId": "e69e6f", "runId": "stage1-pre", "hypothesisId": "H8", "location": "planning_core/_core.py:fill_plan_dispatch_trial_order_column_stage1", "message": "trial_order_task_queue_built", "data": {"ms": 28, "tasks": 32}, "timestamp": 1777726622329}
{"sessionId": "e69e6f", "runId": "stage1-pre", "hypothesisId": "H8", "location": "planning_core/_core.py:fill_plan_dispatch_trial_order_column_stage1", "message": "trial_order_applied", "data": {"ms": 3}, "timestamp": 1777726622334}
{"sessionId": "e69e6f", "runId": "stage1-pre", "hypothesisId": "H8", "location": "planning_core/_core.py:fill_plan_dispatch_trial_order_column_stage1", "message": "trial_order_exit", "data": {"ms_total": 37}, "timestamp": 1777726622336}
{"sessionId": "e69e6f", "runId": "stage1-pre", "hypothesisId": "H8", "location": "planning_core/_core.py:run_stage1_extract", "message": "fill_trial_order_done", "data": {"ms": 40}, "timestamp": 1777726622339}
{"sessionId": "e69e6f", "runId": "stage1-pre", "hypothesisId": "H9", "location": "planning_core/_core.py:run_stage1_extract", "message": "to_excel_done", "data": {"ms": 41, "out_path": "C:\\工程管理AIプロジェクト_JAVA\\Production-Control-System\\code\\output\\plan_input_tasks.xlsx"}, "timestamp": 1777726622406}
{"sessionId": "e69e6f", "runId": "stage1-pre", "hypothesisId": "H9", "location": "planning_core/_core.py:run_stage1_extract", "message": "excel_post_format_done", "data": {"ms": 91}, "timestamp": 1777726622498}
{"sessionId": "e69e6f", "runId": "stage1-pre", "hypothesisId": "H0", "location": "planning_core/_core.py:run_stage1_extract", "message": "stage1_exit", "data": {"ms_total": 871}, "timestamp": 1777726622499}
{"sessionId": "e69e6f", "runId": "stage1-pre", "hypothesisId": "H0", "location": "planning_core/_core.py:run_stage1_extract", "message": "stage1_enter", "data": {"tasks_input_workbook": "", "PM_AI_PROCESSING_PLAN_PATH": "\\\\192.168.0.101\\共有フォルダ\\湖南工場\\湖南共有\\生産管理システム\\管理システム\\●DATA\\生産計画問合せ\\工程別生産計画問合せ問合せ_20260501_153807.xlsx", "processing_plan_resolved": true}, "timestamp": 1777727420737}
{"sessionId": "e69e6f", "runId": "stage1-pre", "hypothesisId": "H1", "location": "planning_core/_core.py:run_stage1_extract", "message": "load_tasks_df_done", "data": {"ms": 125, "rows": 37}, "timestamp": 1777727420868}
{"sessionId": "e69e6f", "runId": "stage1-pre", "hypothesisId": "H2", "location": "planning_core/_core.py:run_stage1_extract", "message": "mm_tables_loaded", "data": {"ms": 20, "rw": 29, "pw": 30, "pl": 42, "pt": 29}, "timestamp": 1777727420996}
{"sessionId": "e69e6f", "runId": "stage1-pre", "hypothesisId": "H3", "location": "planning_core/_core.py:run_stage1_extract", "message": "iterrows_done", "data": {"ms": 22, "iter_total": 37, "kept": 34, "skipped_keyword": 0, "skipped_completed_rule": 2, "skipped_qty_or_missing": 1, "skipped_product_thickness": 0}, "timestamp": 1777727421020}
{"sessionId": "e69e6f", "runId": "stage1-pre", "hypothesisId": "H4", "location": "planning_core/_core.py:run_stage1_extract", "message": "load_skills_and_needs_done", "data": {"ms": 273, "equipment": 26, "need_rules": 0, "req_map": 55}, "timestamp": 1777727421297}
{"sessionId": "e69e6f", "runId": "stage1-pre", "hypothesisId": "H5", "location": "planning_core/_core.py:run_stage1_extract", "message": "merge_speed_heal_refresh_done", "data": {"ms": 132, "out_rows": 34}, "timestamp": 1777727421431}
{"sessionId": "e69e6f", "runId": "stage1-pre", "hypothesisId": "H6", "location": "planning_core/_core.py:run_stage1_extract", "message": "exclude_rules_sheet_maintenance_skipped_no_workbook", "data": {"skipped": true}, "timestamp": 1777727421444}
{"sessionId": "e69e6f", "runId": "stage1-pre", "hypothesisId": "H7", "location": "planning_core/_core.py:run_stage1_extract", "message": "apply_exclude_rules_config_done", "data": {"ms": 0}, "timestamp": 1777727421444}
{"sessionId": "e69e6f", "runId": "stage1-pre", "hypothesisId": "H8", "location": "planning_core/_core.py:fill_plan_dispatch_trial_order_column_stage1", "message": "trial_order_enter", "data": {"rows": 34}, "timestamp": 1777727421446}
{"sessionId": "e69e6f", "runId": "stage1-pre", "hypothesisId": "H8", "location": "planning_core/_core.py:fill_plan_dispatch_trial_order_column_stage1", "message": "trial_order_master_skills_read_skipped", "data": {"ms": 0, "members": 21}, "timestamp": 1777727421448}
{"sessionId": "e69e6f", "runId": "stage1-pre", "hypothesisId": "H8", "location": "planning_core/_core.py:fill_plan_dispatch_trial_order_column_stage1", "message": "trial_order_gpo_analyzed", "data": {"ms": 0}, "timestamp": 1777727421448}
{"sessionId": "e69e6f", "runId": "stage1-pre", "hypothesisId": "H8", "location": "planning_core/_core.py:fill_plan_dispatch_trial_order_column_stage1", "message": "trial_order_task_queue_built", "data": {"ms": 15, "tasks": 32}, "timestamp": 1777727421465}
{"sessionId": "e69e6f", "runId": "stage1-pre", "hypothesisId": "H8", "location": "planning_core/_core.py:fill_plan_dispatch_trial_order_column_stage1", "message": "trial_order_applied", "data": {"ms": 4}, "timestamp": 1777727421471}
{"sessionId": "e69e6f", "runId": "stage1-pre", "hypothesisId": "H8", "location": "planning_core/_core.py:fill_plan_dispatch_trial_order_column_stage1", "message": "trial_order_exit", "data": {"ms_total": 27}, "timestamp": 1777727421474}
{"sessionId": "e69e6f", "runId": "stage1-pre", "hypothesisId": "H8", "location": "planning_core/_core.py:run_stage1_extract", "message": "fill_trial_order_done", "data": {"ms": 29}, "timestamp": 1777727421476}
{"sessionId": "e69e6f", "runId": "stage1-pre", "hypothesisId": "H9", "location": "planning_core/_core.py:run_stage1_extract", "message": "to_excel_done", "data": {"ms": 27, "out_path": "C:\\工程管理AIプロジェクト_JAVA\\Production-Control-System\\code\\output\\plan_input_tasks.xlsx"}, "timestamp": 1777727421514}
{"sessionId": "e69e6f", "runId": "stage1-pre", "hypothesisId": "H9", "location": "planning_core/_core.py:run_stage1_extract", "message": "excel_post_format_done", "data": {"ms": 86}, "timestamp": 1777727421600}
{"sessionId": "e69e6f", "runId": "stage1-pre", "hypothesisId": "H0", "location": "planning_core/_core.py:run_stage1_extract", "message": "stage1_exit", "data": {"ms_total": 867}, "timestamp": 1777727421601}
{"sessionId": "e69e6f", "runId": "stage1-pre", "hypothesisId": "H0", "location": "planning_core/_core.py:run_stage1_extract", "message": "stage1_enter", "data": {"tasks_input_workbook": "", "PM_AI_PROCESSING_PLAN_PATH": "\\\\192.168.0.101\\共有フォルダ\\湖南工場\\湖南共有\\生産管理システム\\管理システム\\●DATA\\生産計画問合せ\\工程別生産計画問合せ問合せ_20260501_153807.xlsx", "processing_plan_resolved": true}, "timestamp": 1777727720580}
{"sessionId": "e69e6f", "runId": "stage1-pre", "hypothesisId": "H1", "location": "planning_core/_core.py:run_stage1_extract", "message": "load_tasks_df_done", "data": {"ms": 121, "rows": 37}, "timestamp": 1777727720705}
{"sessionId": "e69e6f", "runId": "stage1-pre", "hypothesisId": "H2", "location": "planning_core/_core.py:run_stage1_extract", "message": "mm_tables_loaded", "data": {"ms": 24, "rw": 29, "pw": 30, "pl": 42, "pt": 29}, "timestamp": 1777727720845}
{"sessionId": "e69e6f", "runId": "stage1-pre", "hypothesisId": "H3", "location": "planning_core/_core.py:run_stage1_extract", "message": "iterrows_done", "data": {"ms": 13, "iter_total": 37, "kept": 34, "skipped_keyword": 0, "skipped_completed_rule": 2, "skipped_qty_or_missing": 1, "skipped_product_thickness": 0}, "timestamp": 1777727720860}
{"sessionId": "e69e6f", "runId": "stage1-pre", "hypothesisId": "H4", "location": "planning_core/_core.py:run_stage1_extract", "message": "load_skills_and_needs_done", "data": {"ms": 320, "equipment": 26, "need_rules": 0, "req_map": 55}, "timestamp": 1777727721189}
{"sessionId": "e69e6f", "runId": "stage1-pre", "hypothesisId": "H5", "location": "planning_core/_core.py:run_stage1_extract", "message": "merge_speed_heal_refresh_done", "data": {"ms": 134, "out_rows": 34}, "timestamp": 1777727721326}
{"sessionId": "e69e6f", "runId": "stage1-pre", "hypothesisId": "H6", "location": "planning_core/_core.py:run_stage1_extract", "message": "exclude_rules_sheet_maintenance_skipped_no_workbook", "data": {"skipped": true}, "timestamp": 1777727721339}
{"sessionId": "e69e6f", "runId": "stage1-pre", "hypothesisId": "H7", "location": "planning_core/_core.py:run_stage1_extract", "message": "apply_exclude_rules_config_done", "data": {"ms": 0}, "timestamp": 1777727721340}
{"sessionId": "e69e6f", "runId": "stage1-pre", "hypothesisId": "H8", "location": "planning_core/_core.py:fill_plan_dispatch_trial_order_column_stage1", "message": "trial_order_enter", "data": {"rows": 34}, "timestamp": 1777727721343}
{"sessionId": "e69e6f", "runId": "stage1-pre", "hypothesisId": "H8", "location": "planning_core/_core.py:fill_plan_dispatch_trial_order_column_stage1", "message": "trial_order_master_skills_read_skipped", "data": {"ms": 0, "members": 21}, "timestamp": 1777727721346}
{"sessionId": "e69e6f", "runId": "stage1-pre", "hypothesisId": "H8", "location": "planning_core/_core.py:fill_plan_dispatch_trial_order_column_stage1", "message": "trial_order_gpo_analyzed", "data": {"ms": 0}, "timestamp": 1777727721348}
{"sessionId": "e69e6f", "runId": "stage1-pre", "hypothesisId": "H8", "location": "planning_core/_core.py:fill_plan_dispatch_trial_order_column_stage1", "message": "trial_order_task_queue_built", "data": {"ms": 25, "tasks": 32}, "timestamp": 1777727721375}
{"sessionId": "e69e6f", "runId": "stage1-pre", "hypothesisId": "H8", "location": "planning_core/_core.py:fill_plan_dispatch_trial_order_column_stage1", "message": "trial_order_applied", "data": {"ms": 8}, "timestamp": 1777727721386}
{"sessionId": "e69e6f", "runId": "stage1-pre", "hypothesisId": "H8", "location": "planning_core/_core.py:fill_plan_dispatch_trial_order_column_stage1", "message": "trial_order_exit", "data": {"ms_total": 45}, "timestamp": 1777727721388}
{"sessionId": "e69e6f", "runId": "stage1-pre", "hypothesisId": "H8", "location": "planning_core/_core.py:run_stage1_extract", "message": "fill_trial_order_done", "data": {"ms": 46}, "timestamp": 1777727721389}
{"sessionId": "e69e6f", "runId": "stage1-pre", "hypothesisId": "H9", "location": "planning_core/_core.py:run_stage1_extract", "message": "to_excel_done", "data": {"ms": 35, "out_path": "C:\\工程管理AIプロジェクト_JAVA\\Production-Control-System\\code\\output\\plan_input_tasks.xlsx"}, "timestamp": 1777727721436}
{"sessionId": "e69e6f", "runId": "stage1-pre", "hypothesisId": "H9", "location": "planning_core/_core.py:run_stage1_extract", "message": "excel_post_format_done", "data": {"ms": 89}, "timestamp": 1777727721529}
{"sessionId": "e69e6f", "runId": "stage1-pre", "hypothesisId": "H0", "location": "planning_core/_core.py:run_stage1_extract", "message": "stage1_exit", "data": {"ms_total": 952}, "timestamp": 1777727721529}
{"sessionId": "e69e6f", "runId": "stage1-pre", "hypothesisId": "H0", "location": "planning_core/_core.py:run_stage1_extract", "message": "stage1_enter", "data": {"tasks_input_workbook": "", "PM_AI_PROCESSING_PLAN_PATH": "\\\\192.168.0.101\\共有フォルダ\\湖南工場\\湖南共有\\生産管理システム\\管理システム\\●DATA\\生産計画問合せ\\工程別生産計画問合せ問合せ_20260501_153807.xlsx", "processing_plan_resolved": true}, "timestamp": 1777728244888}
{"sessionId": "e69e6f", "runId": "stage1-pre", "hypothesisId": "H1", "location": "planning_core/_core.py:run_stage1_extract", "message": "load_tasks_df_done", "data": {"ms": 123, "rows": 37}, "timestamp": 1777728245015}
{"sessionId": "e69e6f", "runId": "stage1-pre", "hypothesisId": "H2", "location": "planning_core/_core.py:run_stage1_extract", "message": "mm_tables_loaded", "data": {"ms": 25, "rw": 29, "pw": 30, "pl": 42, "pt": 29}, "timestamp": 1777728245166}
{"sessionId": "e69e6f", "runId": "stage1-pre", "hypothesisId": "H3", "location": "planning_core/_core.py:run_stage1_extract", "message": "iterrows_done", "data": {"ms": 18, "iter_total": 37, "kept": 34, "skipped_keyword": 0, "skipped_completed_rule": 2, "skipped_qty_or_missing": 1, "skipped_product_thickness": 0}, "timestamp": 1777728245185}
{"sessionId": "e69e6f", "runId": "stage1-pre", "hypothesisId": "H4", "location": "planning_core/_core.py:run_stage1_extract", "message": "load_skills_and_needs_done", "data": {"ms": 271, "equipment": 26, "need_rules": 0, "req_map": 55}, "timestamp": 1777728245465}
{"sessionId": "e69e6f", "runId": "stage1-pre", "hypothesisId": "H5", "location": "planning_core/_core.py:run_stage1_extract", "message": "merge_speed_heal_refresh_done", "data": {"ms": 131, "out_rows": 34}, "timestamp": 1777728245598}
{"sessionId": "e69e6f", "runId": "stage1-pre", "hypothesisId": "H6", "location": "planning_core/_core.py:run_stage1_extract", "message": "exclude_rules_sheet_maintenance_skipped_no_workbook", "data": {"skipped": true}, "timestamp": 1777728245608}
{"sessionId": "e69e6f", "runId": "stage1-pre", "hypothesisId": "H7", "location": "planning_core/_core.py:run_stage1_extract", "message": "apply_exclude_rules_config_done", "data": {"ms": 0}, "timestamp": 1777728245609}
{"sessionId": "e69e6f", "runId": "stage1-pre", "hypothesisId": "H8", "location": "planning_core/_core.py:fill_plan_dispatch_trial_order_column_stage1", "message": "trial_order_enter", "data": {"rows": 34}, "timestamp": 1777728245610}
{"sessionId": "e69e6f", "runId": "stage1-pre", "hypothesisId": "H8", "location": "planning_core/_core.py:fill_plan_dispatch_trial_order_column_stage1", "message": "trial_order_master_skills_read_skipped", "data": {"ms": 0, "members": 21}, "timestamp": 1777728245611}
{"sessionId": "e69e6f", "runId": "stage1-pre", "hypothesisId": "H8", "location": "planning_core/_core.py:fill_plan_dispatch_trial_order_column_stage1", "message": "trial_order_gpo_analyzed", "data": {"ms": 0}, "timestamp": 1777728245611}
{"sessionId": "e69e6f", "runId": "stage1-pre", "hypothesisId": "H8", "location": "planning_core/_core.py:fill_plan_dispatch_trial_order_column_stage1", "message": "trial_order_task_queue_built", "data": {"ms": 13, "tasks": 32}, "timestamp": 1777728245626}
{"sessionId": "e69e6f", "runId": "stage1-pre", "hypothesisId": "H8", "location": "planning_core/_core.py:fill_plan_dispatch_trial_order_column_stage1", "message": "trial_order_applied", "data": {"ms": 3}, "timestamp": 1777728245631}
{"sessionId": "e69e6f", "runId": "stage1-pre", "hypothesisId": "H8", "location": "planning_core/_core.py:fill_plan_dispatch_trial_order_column_stage1", "message": "trial_order_exit", "data": {"ms_total": 22}, "timestamp": 1777728245632}
{"sessionId": "e69e6f", "runId": "stage1-pre", "hypothesisId": "H8", "location": "planning_core/_core.py:run_stage1_extract", "message": "fill_trial_order_done", "data": {"ms": 22}, "timestamp": 1777728245633}
{"sessionId": "e69e6f", "runId": "stage1-pre", "hypothesisId": "H9", "location": "planning_core/_core.py:run_stage1_extract", "message": "to_excel_done", "data": {"ms": 26, "out_path": "C:\\工程管理AIプロジェクト_JAVA\\Production-Control-System\\code\\output\\plan_input_tasks.xlsx"}, "timestamp": 1777728245665}
{"sessionId": "e69e6f", "runId": "stage1-pre", "hypothesisId": "H9", "location": "planning_core/_core.py:run_stage1_extract", "message": "excel_post_format_done", "data": {"ms": 72}, "timestamp": 1777728245739}
{"sessionId": "e69e6f", "runId": "stage1-pre", "hypothesisId": "H0", "location": "planning_core/_core.py:run_stage1_extract", "message": "stage1_exit", "data": {"ms_total": 853}, "timestamp": 1777728245739}
{"sessionId": "e69e6f", "runId": "stage1-pre", "hypothesisId": "H0", "location": "planning_core/_core.py:run_stage1_extract", "message": "stage1_enter", "data": {"tasks_input_workbook": "", "PM_AI_PROCESSING_PLAN_PATH": "\\\\192.168.0.101\\共有フォルダ\\湖南工場\\湖南共有\\生産管理システム\\管理システム\\●DATA\\生産計画問合せ\\工程別生産計画問合せ問合せ_20260501_153807.xlsx", "processing_plan_resolved": true}, "timestamp": 1777729608352}
{"sessionId": "e69e6f", "runId": "stage1-pre", "hypothesisId": "H1", "location": "planning_core/_core.py:run_stage1_extract", "message": "load_tasks_df_done", "data": {"ms": 128, "rows": 37}, "timestamp": 1777729608484}
{"sessionId": "e69e6f", "runId": "stage1-pre", "hypothesisId": "H2", "location": "planning_core/_core.py:run_stage1_extract", "message": "mm_tables_loaded", "data": {"ms": 17, "rw": 29, "pw": 30, "pl": 42, "pt": 29}, "timestamp": 1777729608610}
{"sessionId": "e69e6f", "runId": "stage1-pre", "hypothesisId": "H3", "location": "planning_core/_core.py:run_stage1_extract", "message": "iterrows_done", "data": {"ms": 20, "iter_total": 37, "kept": 34, "skipped_keyword": 0, "skipped_completed_rule": 2, "skipped_qty_or_missing": 1, "skipped_product_thickness": 0}, "timestamp": 1777729608633}
{"sessionId": "e69e6f", "runId": "stage1-pre", "hypothesisId": "H4", "location": "planning_core/_core.py:run_stage1_extract", "message": "load_skills_and_needs_done", "data": {"ms": 249, "equipment": 26, "need_rules": 0, "req_map": 55}, "timestamp": 1777729608890}
{"sessionId": "e69e6f", "runId": "stage1-pre", "hypothesisId": "H5", "location": "planning_core/_core.py:run_stage1_extract", "message": "merge_speed_heal_refresh_done", "data": {"ms": 127, "out_rows": 34}, "timestamp": 1777729609019}
{"sessionId": "e69e6f", "runId": "stage1-pre", "hypothesisId": "H6", "location": "planning_core/_core.py:run_stage1_extract", "message": "exclude_rules_sheet_maintenance_skipped_no_workbook", "data": {"skipped": true}, "timestamp": 1777729609028}
{"sessionId": "e69e6f", "runId": "stage1-pre", "hypothesisId": "H7", "location": "planning_core/_core.py:run_stage1_extract", "message": "apply_exclude_rules_config_done", "data": {"ms": 0}, "timestamp": 1777729609029}
{"sessionId": "e69e6f", "runId": "stage1-pre", "hypothesisId": "H8", "location": "planning_core/_core.py:fill_plan_dispatch_trial_order_column_stage1", "message": "trial_order_enter", "data": {"rows": 34}, "timestamp": 1777729609030}
{"sessionId": "e69e6f", "runId": "stage1-pre", "hypothesisId": "H8", "location": "planning_core/_core.py:fill_plan_dispatch_trial_order_column_stage1", "message": "trial_order_master_skills_read_skipped", "data": {"ms": 0, "members": 21}, "timestamp": 1777729609036}
{"sessionId": "e69e6f", "runId": "stage1-pre", "hypothesisId": "H8", "location": "planning_core/_core.py:fill_plan_dispatch_trial_order_column_stage1", "message": "trial_order_gpo_analyzed", "data": {"ms": 0}, "timestamp": 1777729609038}
{"sessionId": "e69e6f", "runId": "stage1-pre", "hypothesisId": "H8", "location": "planning_core/_core.py:fill_plan_dispatch_trial_order_column_stage1", "message": "trial_order_task_queue_built", "data": {"ms": 26, "tasks": 32}, "timestamp": 1777729609068}
{"sessionId": "e69e6f", "runId": "stage1-pre", "hypothesisId": "H8", "location": "planning_core/_core.py:fill_plan_dispatch_trial_order_column_stage1", "message": "trial_order_applied", "data": {"ms": 3}, "timestamp": 1777729609073}
{"sessionId": "e69e6f", "runId": "stage1-pre", "hypothesisId": "H8", "location": "planning_core/_core.py:fill_plan_dispatch_trial_order_column_stage1", "message": "trial_order_exit", "data": {"ms_total": 44}, "timestamp": 1777729609075}
{"sessionId": "e69e6f", "runId": "stage1-pre", "hypothesisId": "H8", "location": "planning_core/_core.py:run_stage1_extract", "message": "fill_trial_order_done", "data": {"ms": 46}, "timestamp": 1777729609077}
{"sessionId": "e69e6f", "runId": "stage1-pre", "hypothesisId": "H9", "location": "planning_core/_core.py:run_stage1_extract", "message": "to_excel_done", "data": {"ms": 27, "out_path": "C:\\工程管理AIプロジェクト_JAVA\\Production-Control-System\\code\\output\\plan_input_tasks.xlsx"}, "timestamp": 1777729609116}
{"sessionId": "e69e6f", "runId": "stage1-pre", "hypothesisId": "H9", "location": "planning_core/_core.py:run_stage1_extract", "message": "excel_post_format_done", "data": {"ms": 82}, "timestamp": 1777729609199}
{"sessionId": "e69e6f", "runId": "stage1-pre", "hypothesisId": "H0", "location": "planning_core/_core.py:run_stage1_extract", "message": "stage1_exit", "data": {"ms_total": 851}, "timestamp": 1777729609200}
{"sessionId": "e69e6f", "runId": "stage1-pre", "hypothesisId": "H0", "location": "planning_core/_core.py:run_stage1_extract", "message": "stage1_enter", "data": {"tasks_input_workbook": "", "PM_AI_PROCESSING_PLAN_PATH": "\\\\192.168.0.101\\共有フォルダ\\湖南工場\\湖南共有\\生産管理システム\\管理システム\\●DATA\\生産計画問合せ\\工程別生産計画問合せ問合せ_20260501_153807.xlsx", "processing_plan_resolved": true}, "timestamp": 1777730260402}
{"sessionId": "e69e6f", "runId": "stage1-pre", "hypothesisId": "H1", "location": "planning_core/_core.py:run_stage1_extract", "message": "load_tasks_df_done", "data": {"ms": 228, "rows": 37}, "timestamp": 1777730260635}
{"sessionId": "e69e6f", "runId": "stage1-pre", "hypothesisId": "H2", "location": "planning_core/_core.py:run_stage1_extract", "message": "mm_tables_loaded", "data": {"ms": 16, "rw": 29, "pw": 30, "pl": 42, "pt": 29}, "timestamp": 1777730260743}
{"sessionId": "e69e6f", "runId": "stage1-pre", "hypothesisId": "H3", "location": "planning_core/_core.py:run_stage1_extract", "message": "iterrows_done", "data": {"ms": 19, "iter_total": 37, "kept": 34, "skipped_keyword": 0, "skipped_completed_rule": 2, "skipped_qty_or_missing": 1, "skipped_product_thickness": 0}, "timestamp": 1777730260764}
{"sessionId": "e69e6f", "runId": "stage1-pre", "hypothesisId": "H4", "location": "planning_core/_core.py:run_stage1_extract", "message": "load_skills_and_needs_done", "data": {"ms": 551, "equipment": 26, "need_rules": 0, "req_map": 55}, "timestamp": 1777730261328}
{"sessionId": "e69e6f", "runId": "stage1-pre", "hypothesisId": "H5", "location": "planning_core/_core.py:run_stage1_extract", "message": "merge_speed_heal_refresh_done", "data": {"ms": 135, "out_rows": 34}, "timestamp": 1777730261466}
{"sessionId": "e69e6f", "runId": "stage1-pre", "hypothesisId": "H6", "location": "planning_core/_core.py:run_stage1_extract", "message": "exclude_rules_sheet_maintenance_skipped_no_workbook", "data": {"skipped": true}, "timestamp": 1777730261478}
{"sessionId": "e69e6f", "runId": "stage1-pre", "hypothesisId": "H7", "location": "planning_core/_core.py:run_stage1_extract", "message": "apply_exclude_rules_config_done", "data": {"ms": 0}, "timestamp": 1777730261479}
{"sessionId": "e69e6f", "runId": "stage1-pre", "hypothesisId": "H8", "location": "planning_core/_core.py:fill_plan_dispatch_trial_order_column_stage1", "message": "trial_order_enter", "data": {"rows": 34}, "timestamp": 1777730261480}
{"sessionId": "e69e6f", "runId": "stage1-pre", "hypothesisId": "H8", "location": "planning_core/_core.py:fill_plan_dispatch_trial_order_column_stage1", "message": "trial_order_master_skills_read_skipped", "data": {"ms": 0, "members": 21}, "timestamp": 1777730261481}
{"sessionId": "e69e6f", "runId": "stage1-pre", "hypothesisId": "H8", "location": "planning_core/_core.py:fill_plan_dispatch_trial_order_column_stage1", "message": "trial_order_gpo_analyzed", "data": {"ms": 0}, "timestamp": 1777730261482}
{"sessionId": "e69e6f", "runId": "stage1-pre", "hypothesisId": "H8", "location": "planning_core/_core.py:fill_plan_dispatch_trial_order_column_stage1", "message": "trial_order_task_queue_built", "data": {"ms": 13, "tasks": 32}, "timestamp": 1777730261496}
{"sessionId": "e69e6f", "runId": "stage1-pre", "hypothesisId": "H8", "location": "planning_core/_core.py:fill_plan_dispatch_trial_order_column_stage1", "message": "trial_order_applied", "data": {"ms": 3}, "timestamp": 1777730261503}
{"sessionId": "e69e6f", "runId": "stage1-pre", "hypothesisId": "H8", "location": "planning_core/_core.py:fill_plan_dispatch_trial_order_column_stage1", "message": "trial_order_exit", "data": {"ms_total": 24}, "timestamp": 1777730261505}
{"sessionId": "e69e6f", "runId": "stage1-pre", "hypothesisId": "H8", "location": "planning_core/_core.py:run_stage1_extract", "message": "fill_trial_order_done", "data": {"ms": 26}, "timestamp": 1777730261506}
{"sessionId": "e69e6f", "runId": "stage1-pre", "hypothesisId": "H9", "location": "planning_core/_core.py:run_stage1_extract", "message": "to_excel_done", "data": {"ms": 23, "out_path": "C:\\工程管理AIプロジェクト_JAVA\\Production-Control-System\\code\\output\\plan_input_tasks.xlsx"}, "timestamp": 1777730261548}
{"sessionId": "e69e6f", "runId": "stage1-pre", "hypothesisId": "H9", "location": "planning_core/_core.py:run_stage1_extract", "message": "excel_post_format_done", "data": {"ms": 76}, "timestamp": 1777730261626}
{"sessionId": "e69e6f", "runId": "stage1-pre", "hypothesisId": "H0", "location": "planning_core/_core.py:run_stage1_extract", "message": "stage1_exit", "data": {"ms_total": 1226}, "timestamp": 1777730261626}
{"sessionId": "e69e6f", "runId": "stage1-pre", "hypothesisId": "H0", "location": "planning_core/_core.py:run_stage1_extract", "message": "stage1_enter", "data": {"tasks_input_workbook": "", "PM_AI_PROCESSING_PLAN_PATH": "\\\\192.168.0.101\\共有フォルダ\\湖南工場\\湖南共有\\生産管理システム\\管理システム\\●DATA\\生産計画問合せ\\工程別生産計画問合せ問合せ_20260501_153807.xlsx", "processing_plan_resolved": true}, "timestamp": 1777730697642}
{"sessionId": "e69e6f", "runId": "stage1-pre", "hypothesisId": "H1", "location": "planning_core/_core.py:run_stage1_extract", "message": "load_tasks_df_done", "data": {"ms": 224, "rows": 37}, "timestamp": 1777730697870}
{"sessionId": "e69e6f", "runId": "stage1-pre", "hypothesisId": "H2", "location": "planning_core/_core.py:run_stage1_extract", "message": "mm_tables_loaded", "data": {"ms": 20, "rw": 29, "pw": 30, "pl": 42, "pt": 29}, "timestamp": 1777730697978}
{"sessionId": "e69e6f", "runId": "stage1-pre", "hypothesisId": "H3", "location": "planning_core/_core.py:run_stage1_extract", "message": "iterrows_done", "data": {"ms": 19, "iter_total": 37, "kept": 34, "skipped_keyword": 0, "skipped_completed_rule": 2, "skipped_qty_or_missing": 1, "skipped_product_thickness": 0}, "timestamp": 1777730697998}
{"sessionId": "e69e6f", "runId": "stage1-pre", "hypothesisId": "H4", "location": "planning_core/_core.py:run_stage1_extract", "message": "load_skills_and_needs_done", "data": {"ms": 283, "equipment": 26, "need_rules": 0, "req_map": 55}, "timestamp": 1777730698289}
{"sessionId": "e69e6f", "runId": "stage1-pre", "hypothesisId": "H5", "location": "planning_core/_core.py:run_stage1_extract", "message": "merge_speed_heal_refresh_done", "data": {"ms": 133, "out_rows": 34}, "timestamp": 1777730698425}
{"sessionId": "e69e6f", "runId": "stage1-pre", "hypothesisId": "H6", "location": "planning_core/_core.py:run_stage1_extract", "message": "exclude_rules_sheet_maintenance_skipped_no_workbook", "data": {"skipped": true}, "timestamp": 1777730698438}
{"sessionId": "e69e6f", "runId": "stage1-pre", "hypothesisId": "H7", "location": "planning_core/_core.py:run_stage1_extract", "message": "apply_exclude_rules_config_done", "data": {"ms": 0}, "timestamp": 1777730698440}
{"sessionId": "e69e6f", "runId": "stage1-pre", "hypothesisId": "H8", "location": "planning_core/_core.py:fill_plan_dispatch_trial_order_column_stage1", "message": "trial_order_enter", "data": {"rows": 34}, "timestamp": 1777730698441}
{"sessionId": "e69e6f", "runId": "stage1-pre", "hypothesisId": "H8", "location": "planning_core/_core.py:fill_plan_dispatch_trial_order_column_stage1", "message": "trial_order_master_skills_read_skipped", "data": {"ms": 0, "members": 21}, "timestamp": 1777730698442}
{"sessionId": "e69e6f", "runId": "stage1-pre", "hypothesisId": "H8", "location": "planning_core/_core.py:fill_plan_dispatch_trial_order_column_stage1", "message": "trial_order_gpo_analyzed", "data": {"ms": 0}, "timestamp": 1777730698443}
{"sessionId": "e69e6f", "runId": "stage1-pre", "hypothesisId": "H8", "location": "planning_core/_core.py:fill_plan_dispatch_trial_order_column_stage1", "message": "trial_order_task_queue_built", "data": {"ms": 14, "tasks": 32}, "timestamp": 1777730698459}
{"sessionId": "e69e6f", "runId": "stage1-pre", "hypothesisId": "H8", "location": "planning_core/_core.py:fill_plan_dispatch_trial_order_column_stage1", "message": "trial_order_applied", "data": {"ms": 3}, "timestamp": 1777730698464}
{"sessionId": "e69e6f", "runId": "stage1-pre", "hypothesisId": "H8", "location": "planning_core/_core.py:fill_plan_dispatch_trial_order_column_stage1", "message": "trial_order_exit", "data": {"ms_total": 24}, "timestamp": 1777730698466}
{"sessionId": "e69e6f", "runId": "stage1-pre", "hypothesisId": "H8", "location": "planning_core/_core.py:run_stage1_extract", "message": "fill_trial_order_done", "data": {"ms": 24}, "timestamp": 1777730698466}
{"sessionId": "e69e6f", "runId": "stage1-pre", "hypothesisId": "H9", "location": "planning_core/_core.py:run_stage1_extract", "message": "to_excel_done", "data": {"ms": 23, "out_path": "C:\\工程管理AIプロジェクト_JAVA\\Production-Control-System\\code\\output\\plan_input_tasks.xlsx"}, "timestamp": 1777730698498}
{"sessionId": "e69e6f", "runId": "stage1-pre", "hypothesisId": "H9", "location": "planning_core/_core.py:run_stage1_extract", "message": "excel_post_format_done", "data": {"ms": 63}, "timestamp": 1777730698562}
{"sessionId": "e69e6f", "runId": "stage1-pre", "hypothesisId": "H0", "location": "planning_core/_core.py:run_stage1_extract", "message": "stage1_exit", "data": {"ms_total": 926}, "timestamp": 1777730698563}
{"sessionId": "e69e6f", "runId": "stage1-pre", "hypothesisId": "H0", "location": "planning_core/_core.py:run_stage1_extract", "message": "stage1_enter", "data": {"tasks_input_workbook": "", "PM_AI_PROCESSING_PLAN_PATH": "\\\\192.168.0.101\\共有フォルダ\\湖南工場\\湖南共有\\生産管理システム\\管理システム\\●DATA\\生産計画問合せ\\工程別生産計画問合せ問合せ_20260501_153807.xlsx", "processing_plan_resolved": true}, "timestamp": 1777730747369}
{"sessionId": "e69e6f", "runId": "stage1-pre", "hypothesisId": "H1", "location": "planning_core/_core.py:run_stage1_extract", "message": "load_tasks_df_done", "data": {"ms": 177, "rows": 37}, "timestamp": 1777730747549}
{"sessionId": "e69e6f", "runId": "stage1-pre", "hypothesisId": "H2", "location": "planning_core/_core.py:run_stage1_extract", "message": "mm_tables_loaded", "data": {"ms": 21, "rw": 29, "pw": 30, "pl": 42, "pt": 29}, "timestamp": 1777730747671}
{"sessionId": "e69e6f", "runId": "stage1-pre", "hypothesisId": "H3", "location": "planning_core/_core.py:run_stage1_extract", "message": "iterrows_done", "data": {"ms": 16, "iter_total": 37, "kept": 34, "skipped_keyword": 0, "skipped_completed_rule": 2, "skipped_qty_or_missing": 1, "skipped_product_thickness": 0}, "timestamp": 1777730747688}
{"sessionId": "e69e6f", "runId": "stage1-pre", "hypothesisId": "H4", "location": "planning_core/_core.py:run_stage1_extract", "message": "load_skills_and_needs_done", "data": {"ms": 325, "equipment": 26, "need_rules": 0, "req_map": 55}, "timestamp": 1777730748018}
{"sessionId": "e69e6f", "runId": "stage1-pre", "hypothesisId": "H5", "location": "planning_core/_core.py:run_stage1_extract", "message": "merge_speed_heal_refresh_done", "data": {"ms": 212, "out_rows": 34}, "timestamp": 1777730748233}
{"sessionId": "e69e6f", "runId": "stage1-pre", "hypothesisId": "H6", "location": "planning_core/_core.py:run_stage1_extract", "message": "exclude_rules_sheet_maintenance_skipped_no_workbook", "data": {"skipped": true}, "timestamp": 1777730748245}
{"sessionId": "e69e6f", "runId": "stage1-pre", "hypothesisId": "H7", "location": "planning_core/_core.py:run_stage1_extract", "message": "apply_exclude_rules_config_done", "data": {"ms": 0}, "timestamp": 1777730748248}
{"sessionId": "e69e6f", "runId": "stage1-pre", "hypothesisId": "H8", "location": "planning_core/_core.py:fill_plan_dispatch_trial_order_column_stage1", "message": "trial_order_enter", "data": {"rows": 34}, "timestamp": 1777730748250}
{"sessionId": "e69e6f", "runId": "stage1-pre", "hypothesisId": "H8", "location": "planning_core/_core.py:fill_plan_dispatch_trial_order_column_stage1", "message": "trial_order_master_skills_read_skipped", "data": {"ms": 0, "members": 21}, "timestamp": 1777730748253}
{"sessionId": "e69e6f", "runId": "stage1-pre", "hypothesisId": "H8", "location": "planning_core/_core.py:fill_plan_dispatch_trial_order_column_stage1", "message": "trial_order_gpo_analyzed", "data": {"ms": 0}, "timestamp": 1777730748255}
{"sessionId": "e69e6f", "runId": "stage1-pre", "hypothesisId": "H8", "location": "planning_core/_core.py:fill_plan_dispatch_trial_order_column_stage1", "message": "trial_order_task_queue_built", "data": {"ms": 18, "tasks": 32}, "timestamp": 1777730748274}
{"sessionId": "e69e6f", "runId": "stage1-pre", "hypothesisId": "H8", "location": "planning_core/_core.py:fill_plan_dispatch_trial_order_column_stage1", "message": "trial_order_applied", "data": {"ms": 9}, "timestamp": 1777730748286}
{"sessionId": "e69e6f", "runId": "stage1-pre", "hypothesisId": "H8", "location": "planning_core/_core.py:fill_plan_dispatch_trial_order_column_stage1", "message": "trial_order_exit", "data": {"ms_total": 38}, "timestamp": 1777730748289}
{"sessionId": "e69e6f", "runId": "stage1-pre", "hypothesisId": "H8", "location": "planning_core/_core.py:run_stage1_extract", "message": "fill_trial_order_done", "data": {"ms": 39}, "timestamp": 1777730748289}
{"sessionId": "e69e6f", "runId": "stage1-pre", "hypothesisId": "H9", "location": "planning_core/_core.py:run_stage1_extract", "message": "to_excel_done", "data": {"ms": 59, "out_path": "C:\\工程管理AIプロジェクト_JAVA\\Production-Control-System\\code\\output\\plan_input_tasks.xlsx"}, "timestamp": 1777730748373}
{"sessionId": "e69e6f", "runId": "stage1-pre", "hypothesisId": "H9", "location": "planning_core/_core.py:run_stage1_extract", "message": "excel_post_format_done", "data": {"ms": 91}, "timestamp": 1777730748467}
{"sessionId": "e69e6f", "runId": "stage1-pre", "hypothesisId": "H0", "location": "planning_core/_core.py:run_stage1_extract", "message": "stage1_exit", "data": {"ms_total": 1100}, "timestamp": 1777730748467}
